Calling target program-options parser
[17:16:12.160] [bmv2] [D] [thread 42260] Set default default entry for table 'MyIngress.ipv4_lpm': NoAction - 
Adding interface s2-eth1 as port 1
[17:16:12.160] [bmv2] [D] [thread 42260] Adding interface s2-eth1 as port 1
Adding interface s2-eth2 as port 2
[17:16:12.180] [bmv2] [D] [thread 42260] Adding interface s2-eth2 as port 2
[17:16:12.209] [bmv2] [I] [thread 42260] Starting Thrift server on port 9091
[17:16:12.209] [bmv2] [I] [thread 42260] Thrift server was started
[17:16:12.357] [bmv2] [D] [thread 42266] [0.0] [cxt 0] Processing packet received on port 2
[17:16:12.357] [bmv2] [D] [thread 42266] [0.0] [cxt 0] Parser 'parser': start
[17:16:12.357] [bmv2] [D] [thread 42266] [0.0] [cxt 0] Parser 'parser' entering state 'start'
[17:16:12.357] [bmv2] [D] [thread 42266] [0.0] [cxt 0] Extracting header 'ethernet'
[17:16:12.357] [bmv2] [D] [thread 42266] [0.0] [cxt 0] Parser state 'start': key is 86dd
[17:16:12.357] [bmv2] [T] [thread 42266] [0.0] [cxt 0] Bytes parsed: 14
[17:16:12.357] [bmv2] [D] [thread 42266] [0.0] [cxt 0] Parser 'parser': end
[17:16:12.357] [bmv2] [D] [thread 42266] [0.0] [cxt 0] Pipeline 'ingress': start
[17:16:12.357] [bmv2] [T] [thread 42266] [0.0] [cxt 0] /home/p4/Downloads/forwarding/forwarding.p4(128) Condition "hdr.ipv4.isValid()" (node_2) is false
[17:16:12.357] [bmv2] [D] [thread 42266] [0.0] [cxt 0] Pipeline 'ingress': end
[17:16:12.357] [bmv2] [D] [thread 42266] [0.0] [cxt 0] Egress port is 0
[17:16:12.357] [bmv2] [D] [thread 42267] [0.0] [cxt 0] Pipeline 'egress': start
[17:16:12.357] [bmv2] [D] [thread 42267] [0.0] [cxt 0] Pipeline 'egress': end
[17:16:12.357] [bmv2] [D] [thread 42267] [0.0] [cxt 0] Deparser 'deparser': start
[17:16:12.357] [bmv2] [T] [thread 42267] [0.0] [cxt 0] Skipping checksum 'cksum' update because condition not met
[17:16:12.357] [bmv2] [D] [thread 42267] [0.0] [cxt 0] Deparsing header 'ethernet'
[17:16:12.357] [bmv2] [D] [thread 42267] [0.0] [cxt 0] Deparser 'deparser': end
[17:16:12.357] [bmv2] [D] [thread 42271] [0.0] [cxt 0] Transmitting packet of size 110 out of port 0
